<?xml version="1.0" encoding="UTF-8" ?>
<testsuite failures="1" time="74.459" errors="0" skipped="0" tests="8" name="TestSuite">
  <properties>
[...]
</properties>
  <testcase time="15.114" classname="testing.NegativeRegistrationTest" name="negativeRegistrationTest"/>
  <testcase time="14.935" classname="testing.WishListProduct" name="addProductToWishList"/>
  <testcase time="2.576" classname="testing.BuyProduct" name="BuyItemsFromWishList"/>
  <testcase time="7.556" classname="testing.ComparePrices2" name="comparePrices"/>
  <testcase time="7.534" classname="testing.TopMenu" name="topMenu"/>
  <testcase time="7.493" classname="testing.ComparePricesWithDB" name="comparePrices">
    <failure message="Product Corei3 is present in DB expected [Intel Core i3-3250 LGA1155, 3.5GHz, Box (BX80637I33250SR0YX)] but found [null]" type="java.lang.AssertionError">java.lang.AssertionError: Product Corei3 is present in DB expected [Intel Core i3-3250 LGA1155, 3.5GHz, Box (BX80637I33250SR0YX)] but found [null]
	at org.testng.Assert.fail(Assert.java:94)
	at org.testng.Assert.failNotEquals(Assert.java:494)
	at org.testng.Assert.assertEquals(Assert.java:123)
	at org.testng.Assert.assertEquals(Assert.java:176)
	at testing.ComparePricesWithDB.comparePrices(ComparePricesWithDB.java:45)
</failure>
  </testcase>
  <testcase time="5.313" classname="testing.Checkbox" name="Checkbox"/>
  <testcase time="9.597" classname="testing.DeleteAll" name="deleteAll"/>
</testsuite>